2015-11-10 15:26:56 10fc InnoDB: Warning: Using innodb_additional_mem_pool_size is DEPRECATED. This option may be removed in future releases, together with the option innodb_use_sys_malloc and with the InnoDB's internal memory allocator.
2015-11-10 15:26:56 4348 [Note] InnoDB: Using mutexes to ref count buffer pool pages
2015-11-10 15:26:56 4348 [Note] InnoDB: The InnoDB memory heap is disabled
2015-11-10 15:26:56 4348 [Note] InnoDB: Mutexes and rw_locks use Windows interlocked functions
2015-11-10 15:26:56 4348 [Note] InnoDB: Memory barrier is not used
2015-11-10 15:26:56 4348 [Note] InnoDB: Compressed tables use zlib 1.2.3
2015-11-10 15:26:56 4348 [Note] InnoDB: Not using CPU crc32 instructions
2015-11-10 15:26:56 4348 [Note] InnoDB: Initializing buffer pool, size = 16.0M
2015-11-10 15:26:56 4348 [Note] InnoDB: Completed initialization of buffer pool
2015-11-10 15:26:56 4348 [Note] InnoDB: Highest supported file format is Barracuda.
2015-11-10 15:26:57 4348 [Note] InnoDB: 128 rollback segment(s) are active.
2015-11-10 15:26:57 4348 [Note] InnoDB: Waiting for purge to start
2015-11-10 15:26:57 4348 [Note] InnoDB:  Percona XtraDB (http://www.percona.com) 5.6.26-74.0 started; log sequence number 1835027
2015-11-10 15:26:57 6140 [Note] InnoDB: Dumping buffer pool(s) not yet started
2015-11-10 15:26:57 4348 [Note] Plugin 'FEEDBACK' is disabled.
2015-11-10 15:26:57 4348 [Note] Server socket created on IP: '::'.
2015-11-10 15:26:57 4348 [Note] Event Scheduler: Loaded 0 events
2015-11-10 15:26:57 4348 [Note] C:\xampp\mysql\bin\mysqld.exe: ready for connections.
Version: '10.1.8-MariaDB'  socket: ''  port: 3306  mariadb.org binary distribution
2015-11-10 15:27:11 5152 [Note] C:\xampp\mysql\bin\mysqld.exe: Normal shutdown

2015-11-10 15:27:11 5152 [Note] Event Scheduler: Purging the queue. 0 events
2015-11-10 15:27:11 5732 [Note] InnoDB: FTS optimize thread exiting.
2015-11-10 15:27:11 5152 [Note] InnoDB: Starting shutdown...
2015-11-10 15:27:13 5152 [Note] InnoDB: Shutdown completed; log sequence number 1835037
2015-11-10 15:27:13 5152 [Note] C:\xampp\mysql\bin\mysqld.exe: Shutdown complete

2016-01-22 06:56:54 1cb0 InnoDB: Warning: Using innodb_additional_mem_pool_size is DEPRECATED. This option may be removed in future releases, together with the option innodb_use_sys_malloc and with the InnoDB's internal memory allocator.
2016-01-22  6:56:54 7344 [Note] InnoDB: Using mutexes to ref count buffer pool pages
2016-01-22  6:56:54 7344 [Note] InnoDB: The InnoDB memory heap is disabled
2016-01-22  6:56:54 7344 [Note] InnoDB: Mutexes and rw_locks use Windows interlocked functions
2016-01-22  6:56:54 7344 [Note] InnoDB: Memory barrier is not used
2016-01-22  6:56:54 7344 [Note] InnoDB: Compressed tables use zlib 1.2.3
2016-01-22  6:56:54 7344 [Note] InnoDB: Not using CPU crc32 instructions
2016-01-22  6:56:54 7344 [Note] InnoDB: Initializing buffer pool, size = 16.0M
2016-01-22  6:56:54 7344 [Note] InnoDB: Completed initialization of buffer pool
2016-01-22  6:56:55 7344 [Note] InnoDB: Highest supported file format is Barracuda.
2016-01-22  6:56:55 7344 [Note] InnoDB: 128 rollback segment(s) are active.
2016-01-22  6:56:55 7344 [Note] InnoDB: Waiting for purge to start
2016-01-22  6:56:55 7344 [Note] InnoDB:  Percona XtraDB (http://www.percona.com) 5.6.26-74.0 started; log sequence number 1835037
2016-01-22  6:56:55 11160 [Note] InnoDB: Dumping buffer pool(s) not yet started
2016-01-22  6:56:55 7344 [Note] Plugin 'FEEDBACK' is disabled.
2016-01-22  6:56:55 7344 [Note] Server socket created on IP: '::'.
2016-01-22  6:56:55 7344 [Note] c:\xampp\mysql\bin\mysqld.exe: ready for connections.
Version: '10.1.9-MariaDB'  socket: ''  port: 3306  mariadb.org binary distribution
2016-01-22 21:27:02 3994 InnoDB: Warning: Using innodb_additional_mem_pool_size is DEPRECATED. This option may be removed in future releases, together with the option innodb_use_sys_malloc and with the InnoDB's internal memory allocator.
2016-01-22 21:27:02 14740 [Note] InnoDB: Using mutexes to ref count buffer pool pages
2016-01-22 21:27:02 14740 [Note] InnoDB: The InnoDB memory heap is disabled
2016-01-22 21:27:02 14740 [Note] InnoDB: Mutexes and rw_locks use Windows interlocked functions
2016-01-22 21:27:02 14740 [Note] InnoDB: Memory barrier is not used
2016-01-22 21:27:02 14740 [Note] InnoDB: Compressed tables use zlib 1.2.3
2016-01-22 21:27:02 14740 [Note] InnoDB: Not using CPU crc32 instructions
2016-01-22 21:27:02 14740 [Note] InnoDB: Initializing buffer pool, size = 16.0M
2016-01-22 21:27:02 14740 [Note] InnoDB: Completed initialization of buffer pool
2016-01-22 21:27:02 14740 [Note] InnoDB: Highest supported file format is Barracuda.
2016-01-22 21:27:02 14740 [Note] InnoDB: The log sequence numbers 1835037 and 1835037 in ibdata files do not match the log sequence number 1835047 in the ib_logfiles!
2016-01-22 21:27:02 14740 [Note] InnoDB: Database was not shutdown normally!
2016-01-22 21:27:02 14740 [Note] InnoDB: Starting crash recovery.
2016-01-22 21:27:02 14740 [Note] InnoDB: Reading tablespace information from the .ibd files...
2016-01-22 21:27:03 14740 [Note] InnoDB: Restoring possible half-written data pages 
2016-01-22 21:27:03 14740 [Note] InnoDB: from the doublewrite buffer...
2016-01-22 21:27:04 14740 [Note] InnoDB: 128 rollback segment(s) are active.
2016-01-22 21:27:04 14740 [Note] InnoDB: Waiting for purge to start
2016-01-22 21:27:04 14740 [Note] InnoDB:  Percona XtraDB (http://www.percona.com) 5.6.26-74.0 started; log sequence number 1835047
2016-01-22 21:27:04 14652 [Note] InnoDB: Dumping buffer pool(s) not yet started
2016-01-22 21:27:04 14740 [Note] Plugin 'FEEDBACK' is disabled.
2016-01-22 21:27:04 14740 [Note] Server socket created on IP: '::'.
2016-01-22 21:27:05 14740 [Note] c:\xampp\mysql\bin\mysqld.exe: ready for connections.
Version: '10.1.9-MariaDB'  socket: ''  port: 3306  mariadb.org binary distribution
2016-01-22 21:28:56 15828 [ERROR] mysqld.exe: Table '.\easymenu@002dng\em_sessions' is marked as crashed and should be repaired
2016-01-22 21:28:56 15828 [Warning] Checking table:   '.\easymenu@002dng\em_sessions'
2016-01-22 21:29:24 16748 [ERROR] mysqld.exe: Table '.\easymenu@002dng\users' is marked as crashed and should be repaired
2016-01-22 21:29:24 16748 [Warning] Checking table:   '.\easymenu@002dng\users'
2016-01-22 21:42:29 16400 [ERROR] mysqld.exe: Table '.\easymenu@002dng\items' is marked as crashed and should be repaired
2016-01-22 21:42:29 16400 [Warning] Checking table:   '.\easymenu@002dng\items'
2016-01-22 21:42:30 15276 [ERROR] mysqld.exe: Table '.\easymenu@002dng\images' is marked as crashed and should be repaired
2016-01-22 21:42:30 15276 [Warning] Checking table:   '.\easymenu@002dng\images'
2016-01-22 21:46:08 10920 [ERROR] mysqld.exe: Table '.\easymenu@002dng\tables' is marked as crashed and should be repaired
2016-01-22 21:46:08 10920 [Warning] Checking table:   '.\easymenu@002dng\tables'
2016-01-22 21:46:28 16428 [ERROR] mysqld.exe: Table '.\easymenu@002dng\sessions' is marked as crashed and should be repaired
2016-01-22 21:46:28 16428 [Warning] Checking table:   '.\easymenu@002dng\sessions'
2016-01-22 21:47:04 16428 [ERROR] mysqld.exe: Table '.\easymenu@002dng\orders' is marked as crashed and should be repaired
2016-01-22 21:47:04 16428 [Warning] Checking table:   '.\easymenu@002dng\orders'
2016-01-22 21:47:28 16428 [ERROR] mysqld.exe: Table '.\easymenu@002dng\kqueue' is marked as crashed and should be repaired
2016-01-22 21:47:28 16428 [Warning] Checking table:   '.\easymenu@002dng\kqueue'
2016-01-22 22:00:02 17960 [ERROR] mysqld.exe: Table '.\easymenu@002dng\tickets' is marked as crashed and should be repaired
2016-01-22 22:00:02 17960 [Warning] Checking table:   '.\easymenu@002dng\tickets'
2016-01-22 22:18:05 17328 [ERROR] mysqld.exe: Table '.\easymenu@002dng\bqueue' is marked as crashed and should be repaired
2016-01-22 22:18:05 17328 [Warning] Checking table:   '.\easymenu@002dng\bqueue'
